<?xml version="1.0" encoding="UTF-8"?>
<testsuite xmlns:xsi="http://www.w3.org/2001/XMLSchema-instance" xsi:noNamespaceSchemaLocation="https://maven.apache.org/surefire/maven-surefire-plugin/xsd/surefire-test-report.xsd" name="org.java.calc.CalcolatriceTest" time="0.031" tests="3" errors="0" skipped="0" failures="0">
  <properties>
[...]
</properties>
  <testcase name="getSubtractTest" classname="org.java.calc.CalcolatriceTest" time="0.016"/>
  <testcase name="getAddTest" classname="org.java.calc.CalcolatriceTest" time="0"/>
  <testcase name="getDivideTest" classname="org.java.calc.CalcolatriceTest" time="0.001"/>
</testsuite>